#
# There is insufficient memory for the Java Runtime Environment to continue.
# Native memory allocation (mmap) failed to map 26214400 bytes for Failed to commit area from 0x000000008d400000 to 0x000000008ed00000 of length 26214400.
# Possible reasons:
#   The system is out of physical RAM or swap space
#   The process is running with CompressedOops enabled, and the Java Heap may be blocking the growth of the native heap
# Possible solutions:
#   Reduce memory load on the system
#   Increase physical memory or swap space
#   Check if swap backing store is full
#   Decrease Java heap size (-Xmx/-Xms)
#   Decrease number of Java threads
#   Decrease Java thread stack sizes (-Xss)
#   Set larger code cache with -XX:ReservedCodeCacheSize=
#   JVM is running with Unscaled Compressed Oops mode in which the Java heap is
#     placed in the first 4GB address space. The Java Heap base address is the
#     maximum limit for the native heap growth. Please use -XX:HeapBaseMinAddress
#     to set the Java Heap base and to place the Java Heap above 4GB virtual address.
# This output file may be truncated or incomplete.
#
#  Out of Memory Error (c:/BuildAgent/work/5ff2f6c26000d570/src/hotspot/os/windows/os_windows.cpp:3281), pid=32496, tid=28332
#
# JRE version: OpenJDK Runtime Environment (11.0.4+10) (build 11.0.4+10-b520.11)
# Java VM: OpenJDK 64-Bit Server VM (11.0.4+10-b520.11, mixed mode, tiered, compressed oops, g1 gc, windows-amd64)
# No core dump will be written. Minidumps are not enabled by default on client versions of Windows
#

---------------  S U M M A R Y ------------

Command Line: -javaagent:C:\Program Files\JetBrains\IntelliJ IDEA Community Edition 2019.2.4\lib\idea_rt.jar=54838:C:\Program Files\JetBrains\IntelliJ IDEA Community Edition 2019.2.4\bin -Dfile.encoding=UTF-8 ar.com.uber.app.gestion.Application

Host: Intel(R) Core(TM) i7-7600U CPU @ 2.80GHz, 4 cores, 7G,  Windows 10 , 64 bit Build 17134 (10.0.17134.753)
Time: Wed Dec 11 17:41:05 2019 Hora estándar de Argentina elapsed time: 4 seconds (0d 0h 0m 4s)

---------------  T H R E A D  ---------------

Current thread (0x000001cc48596000):  VMThread "VM Thread" [stack: 0x000000b731f00000,0x000000b732000000] [id=28332]

Stack: [0x000000b731f00000,0x000000b732000000]
[error occurred during error reporting (printing stack bounds), id 0xc0000005, EXCEPTION_ACCESS_VIOLATION (0xc0000005) at pc=0x000001cc31830bad]

Native frames: (J=compiled Java code, j=interpreted, Vv=VM code, C=native code)
V  [jvm.dll+0x5db21a]
V  [jvm.dll+0x70c4f5]
V  [jvm.dll+0x70da18]
V  [jvm.dll+0x70e045]
V  [jvm.dll+0x70dffb]
V  [jvm.dll+0x5da9a8]
V  [jvm.dll+0x5dae08]
C  [ntdll.dll+0x9f7dd]
C  [ntdll.dll+0xd856]
C  [ntdll.dll+0x9e70e]
C  0x000001cc31830bad

VM_Operation (0x000000b7319fd2f0): CollectForMetadataAllocation, mode: safepoint, requested by thread 0x000001cc2d446000


---------------  P R O C E S S  ---------------

Threads class SMR info:
_java_thread_list=0x000001cc49a69350, length=11, elements={
0x000001cc2d446000, 0x000001cc47d55000, 0x000001cc47d65800, 0x000001cc485e2800,
0x000001cc485e3000, 0x000001cc485e4000, 0x000001cc485e7800, 0x000001cc485e9800,
0x000001cc47d18800, 0x000001cc48c81800, 0x000001cc48c82800
}

Java Threads: ( => current thread )
  0x000001cc2d446000 JavaThread "main" [_thread_blocked, id=5820, stack(0x000000b731900000,0x000000b731a00000)]
  0x000001cc47d55000 JavaThread "Reference Handler" daemon [_thread_blocked, id=32740, stack(0x000000b732000000,0x000000b732100000)]
  0x000001cc47d65800 JavaThread "Finalizer" daemon [_thread_blocked, id=20204, stack(0x000000b732100000,0x000000b732200000)]
  0x000001cc485e2800 JavaThread "Signal Dispatcher" daemon [_thread_blocked, id=14236, stack(0x000000b732200000,0x000000b732300000)]
  0x000001cc485e3000 JavaThread "Attach Listener" daemon [_thread_blocked, id=38548, stack(0x000000b732300000,0x000000b732400000)]
  0x000001cc485e4000 JavaThread "C2 CompilerThread0" daemon [_thread_blocked, id=24532, stack(0x000000b732400000,0x000000b732500000)]
  0x000001cc485e7800 JavaThread "C1 CompilerThread0" daemon [_thread_blocked, id=27624, stack(0x000000b732500000,0x000000b732600000)]
  0x000001cc485e9800 JavaThread "Sweeper thread" daemon [_thread_blocked, id=32268, stack(0x000000b732600000,0x000000b732700000)]
  0x000001cc47d18800 JavaThread "Common-Cleaner" daemon [_thread_blocked, id=7904, stack(0x000000b732700000,0x000000b732800000)]
  0x000001cc48c81800 JavaThread "Monitor Ctrl-Break" daemon [_thread_in_native, id=9636, stack(0x000000b732800000,0x000000b732900000)]
  0x000001cc48c82800 JavaThread "Service Thread" daemon [_thread_blocked, id=33900, stack(0x000000b732900000,0x000000b732a00000)]

Other Threads:
=>0x000001cc48596000 VMThread "VM Thread" [stack: 0x000000b731f00000,0x000000b732000000] [id=28332]
  0x000001cc48821000 WatcherThread [stack: 0x000000b732a00000,0x000000b732b00000] [id=23108]
  0x000001cc2d45b800 GCTaskThread "GC Thread#0" [stack: 0x000000b731a00000,0x000000b731b00000] [id=33192]
  0x000001cc49219800 GCTaskThread "GC Thread#1" [stack: 0x000000b732c00000,0x000000b732d00000] [id=34412]
  0x000001cc4940d000 GCTaskThread "GC Thread#2" [stack: 0x000000b732f00000,0x000000b733000000] [id=31372]
  0x000001cc4940d800 GCTaskThread "GC Thread#3" [stack: 0x000000b733000000,0x000000b733100000] [id=10632]
  0x000001cc2d48a800 ConcurrentGCThread "G1 Main Marker" [stack: 0x000000b731b00000,0x000000b731c00000] [id=17168]
  0x000001cc2d48c000 ConcurrentGCThread "G1 Conc#0" [stack: 0x000000b731c00000,0x000000b731d00000] [id=18676]
  0x000001cc47bc6800 ConcurrentGCThread "G1 Refine#0" [stack: 0x000000b731d00000,0x000000b731e00000] [id=5600]
  0x000001cc4881e800 ConcurrentGCThread "G1 Refine#1" [stack: 0x000000b732d00000,0x000000b732e00000] [id=15516]
  0x000001cc47bc7000 ConcurrentGCThread "G1 Young RemSet Sampling" [stack: 0x000000b731e00000,0x000000b731f00000] [id=34728]

Threads with active compile tasks:
C2 CompilerThread03261   !   4       java.util.concurrent.ConcurrentHashMap::putVal (432 bytes)

VM state:at safepoint (normal execution)

VM Mutex/Monitor currently owned by a thread:  ([mutex/lock_event])
[0x000001cc2d4426e0] Threads_lock - owner thread: 0x000001cc48596000
[0x000001cc2d4432b0] Heap_lock - owner thread: 0x000001cc2d446000

Heap address: 0x0000000085800000, size: 1960 MB, Compressed Oops mode: 32-bit
Narrow klass base: 0x0000000000000000, Narrow klass shift: 3
Compressed class space size: 1073741824 Address: 0x0000000100000000

Heap:
 garbage-first heap   total 152576K, used 13422K [0x0000000085800000, 0x0000000100000000)
  region size 1024K, 8 young (8192K), 8 survivors (8192K)
 Metaspace       used 34678K, capacity 35504K, committed 35628K, reserved 1081344K
  class space    used 4121K, capacity 4444K, committed 4480K, reserved 1048576K
Heap Regions: E=young(eden), S=young(survivor), O=old, HS=humongous(starts), HC=humongous(continues), CS=collection set, F=free, A=archive, TAMS=top-at-mark-start (previous, next)
|   0|0x0000000085800000, 0x0000000085900000, 0x0000000085900000|100%|HS|  |TAMS 0x0000000085900000, 0x0000000085900000| Complete 
|   1|0x0000000085900000, 0x0000000085a00000, 0x0000000085a00000|100%| O|  |TAMS 0x0000000085a00000, 0x0000000085a00000| Untracked 
|   2|0x0000000085a00000, 0x0000000085b00000, 0x0000000085b00000|100%| O|  |TAMS 0x0000000085b00000, 0x0000000085b00000| Untracked 
|   3|0x0000000085b00000, 0x0000000085c00000, 0x0000000085c00000|100%| O|  |TAMS 0x0000000085c00000, 0x0000000085c00000| Untracked 
|   4|0x0000000085c00000, 0x0000000085d00000, 0x0000000085d00000|100%| O|  |TAMS 0x0000000085d00000, 0x0000000085d00000| Untracked 
|   5|0x0000000085d00000, 0x0000000085dabc00, 0x0000000085e00000| 67%| O|  |TAMS 0x0000000085dabc00, 0x0000000085dabc00| Untracked 
|   6|0x0000000085e00000, 0x0000000085e00000, 0x0000000085f00000|  0%| F|  |TAMS 0x0000000085e00000, 0x0000000085e00000| Untracked 
|   7|0x0000000085f00000, 0x0000000085f00000, 0x0000000086000000|  0%| F|  |TAMS 0x0000000085f00000, 0x0000000085f00000| Untracked 
|   8|0x0000000086000000, 0x0000000086000000, 0x0000000086100000|  0%| F|  |TAMS 0x0000000086000000, 0x0000000086000000| Untracked 
|   9|0x0000000086100000, 0x0000000086100000, 0x0000000086200000|  0%| F|  |TAMS 0x0000000086100000, 0x0000000086100000| Untracked 
|  10|0x0000000086200000, 0x0000000086200000, 0x0000000086300000|  0%| F|  |TAMS 0x0000000086200000, 0x0000000086200000| Untracked 
|  11|0x0000000086300000, 0x0000000086300000, 0x0000000086400000|  0%| F|  |TAMS 0x0000000086300000, 0x0000000086300000| Untracked 
|  12|0x0000000086400000, 0x0000000086400000, 0x0000000086500000|  0%| F|  |TAMS 0x0000000086400000, 0x0000000086400000| Untracked 
|  13|0x0000000086500000, 0x0000000086500000, 0x0000000086600000|  0%| F|  |TAMS 0x0000000086500000, 0x0000000086500000| Untracked 
|  14|0x0000000086600000, 0x0000000086600000, 0x0000000086700000|  0%| F|  |TAMS 0x0000000086600000, 0x0000000086600000| Untracked 
|  15|0x0000000086700000, 0x0000000086700000, 0x0000000086800000|  0%| F|  |TAMS 0x0000000086700000, 0x0000000086700000| Untracked 
|  16|0x0000000086800000, 0x0000000086800000, 0x0000000086900000|  0%| F|  |TAMS 0x0000000086800000, 0x0000000086800000| Untracked 
|  17|0x0000000086900000, 0x0000000086900000, 0x0000000086a00000|  0%| F|  |TAMS 0x0000000086900000, 0x0000000086900000| Untracked 
|  18|0x0000000086a00000, 0x0000000086a00000, 0x0000000086b00000|  0%| F|  |TAMS 0x0000000086a00000, 0x0000000086a00000| Untracked 
|  19|0x0000000086b00000, 0x0000000086b00000, 0x0000000086c00000|  0%| F|  |TAMS 0x0000000086b00000, 0x0000000086b00000| Untracked 
|  20|0x0000000086c00000, 0x0000000086c00000, 0x0000000086d00000|  0%| F|  |TAMS 0x0000000086c00000, 0x0000000086c00000| Untracked 
|  21|0x0000000086d00000, 0x0000000086d00000, 0x0000000086e00000|  0%| F|  |TAMS 0x0000000086d00000, 0x0000000086d00000| Untracked 
|  22|0x0000000086e00000, 0x0000000086e00000, 0x0000000086f00000|  0%| F|  |TAMS 0x0000000086e00000, 0x0000000086e00000| Untracked 
|  23|0x0000000086f00000, 0x0000000086f00000, 0x0000000087000000|  0%| F|  |TAMS 0x0000000086f00000, 0x0000000086f00000| Untracked 
|  24|0x0000000087000000, 0x0000000087000000, 0x0000000087100000|  0%| F|  |TAMS 0x0000000087000000, 0x0000000087000000| Untracked 
|  25|0x0000000087100000, 0x0000000087100000, 0x0000000087200000|  0%| F|  |TAMS 0x0000000087100000, 0x0000000087100000| Untracked 
|  26|0x0000000087200000, 0x0000000087200000, 0x0000000087300000|  0%| F|  |TAMS 0x0000000087200000, 0x0000000087200000| Untracked 
|  27|0x0000000087300000, 0x0000000087300000, 0x0000000087400000|  0%| F|  |TAMS 0x0000000087300000, 0x0000000087300000| Untracked 
|  28|0x0000000087400000, 0x0000000087400000, 0x0000000087500000|  0%| F|  |TAMS 0x0000000087400000, 0x0000000087400000| Untracked 
|  29|0x0000000087500000, 0x0000000087500000, 0x0000000087600000|  0%| F|  |TAMS 0x0000000087500000, 0x0000000087500000| Untracked 
|  30|0x0000000087600000, 0x0000000087600000, 0x0000000087700000|  0%| F|  |TAMS 0x0000000087600000, 0x0000000087600000| Untracked 
|  31|0x0000000087700000, 0x0000000087700000, 0x0000000087800000|  0%| F|  |TAMS 0x0000000087700000, 0x0000000087700000| Untracked 
|  32|0x0000000087800000, 0x0000000087800000, 0x0000000087900000|  0%| F|  |TAMS 0x0000000087800000, 0x0000000087800000| Untracked 
|  33|0x0000000087900000, 0x0000000087900000, 0x0000000087a00000|  0%| F|  |TAMS 0x0000000087900000, 0x0000000087900000| Untracked 
|  34|0x0000000087a00000, 0x0000000087a00000, 0x0000000087b00000|  0%| F|  |TAMS 0x0000000087a00000, 0x0000000087a00000| Untracked 
|  35|0x0000000087b00000, 0x0000000087b00000, 0x0000000087c00000|  0%| F|  |TAMS 0x0000000087b00000, 0x0000000087b00000| Untracked 
|  36|0x0000000087c00000, 0x0000000087c00000, 0x0000000087d00000|  0%| F|  |TAMS 0x0000000087c00000, 0x0000000087c00000| Untracked 
|  37|0x0000000087d00000, 0x0000000087d00000, 0x0000000087e00000|  0%| F|  |TAMS 0x0000000087d00000, 0x0000000087d00000| Untracked 
|  38|0x0000000087e00000, 0x0000000087e00000, 0x0000000087f00000|  0%| F|  |TAMS 0x0000000087e00000, 0x0000000087e00000| Untracked 
|  39|0x0000000087f00000, 0x0000000087f00000, 0x0000000088000000|  0%| F|  |TAMS 0x0000000087f00000, 0x0000000087f00000| Untracked 
|  40|0x0000000088000000, 0x0000000088000000, 0x0000000088100000|  0%| F|  |TAMS 0x0000000088000000, 0x0000000088000000| Untracked 
|  41|0x0000000088100000, 0x0000000088100000, 0x0000000088200000|  0%| F|  |TAMS 0x0000000088100000, 0x0000000088100000| Untracked 
|  42|0x0000000088200000, 0x0000000088200000, 0x0000000088300000|  0%| F|  |TAMS 0x0000000088200000, 0x0000000088200000| Untracked 
|  43|0x0000000088300000, 0x0000000088300000, 0x0000000088400000|  0%| F|  |TAMS 0x0000000088300000, 0x0000000088300000| Untracked 
|  44|0x0000000088400000, 0x0000000088400000, 0x0000000088500000|  0%| F|  |TAMS 0x0000000088400000, 0x0000000088400000| Untracked 
|  45|0x0000000088500000, 0x0000000088500000, 0x0000000088600000|  0%| F|  |TAMS 0x0000000088500000, 0x0000000088500000| Untracked 
|  46|0x0000000088600000, 0x0000000088600000, 0x0000000088700000|  0%| F|  |TAMS 0x0000000088600000, 0x0000000088600000| Untracked 
|  47|0x0000000088700000, 0x0000000088700000, 0x0000000088800000|  0%| F|  |TAMS 0x0000000088700000, 0x0000000088700000| Untracked 
|  48|0x0000000088800000, 0x0000000088800000, 0x0000000088900000|  0%| F|  |TAMS 0x0000000088800000, 0x0000000088800000| Untracked 
|  49|0x0000000088900000, 0x0000000088900000, 0x0000000088a00000|  0%| F|  |TAMS 0x0000000088900000, 0x0000000088900000| Untracked 
|  50|0x0000000088a00000, 0x0000000088a00000, 0x0000000088b00000|  0%| F|  |TAMS 0x0000000088a00000, 0x0000000088a00000| Untracked 
|  51|0x0000000088b00000, 0x0000000088b00000, 0x0000000088c00000|  0%| F|  |TAMS 0x0000000088b00000, 0x0000000088b00000| Untracked 
|  52|0x0000000088c00000, 0x0000000088c00000, 0x0000000088d00000|  0%| F|  |TAMS 0x0000000088c00000, 0x0000000088c00000| Untracked 
|  53|0x0000000088d00000, 0x0000000088d00000, 0x0000000088e00000|  0%| F|  |TAMS 0x0000000088d00000, 0x0000000088d00000| Untracked 
|  54|0x0000000088e00000, 0x0000000088e00000, 0x0000000088f00000|  0%| F|  |TAMS 0x0000000088e00000, 0x0000000088e00000| Untracked 
|  55|0x0000000088f00000, 0x0000000088f00000, 0x0000000089000000|  0%| F|  |TAMS 0x0000000088f00000, 0x0000000088f00000| Untracked 
|  56|0x0000000089000000, 0x0000000089000000, 0x0000000089100000|  0%| F|  |TAMS 0x0000000089000000, 0x0000000089000000| Untracked 
|  57|0x0000000089100000, 0x0000000089100000, 0x0000000089200000|  0%| F|  |TAMS 0x0000000089100000, 0x0000000089100000| Untracked 
|  58|0x0000000089200000, 0x0000000089200000, 0x0000000089300000|  0%| F|  |TAMS 0x0000000089200000, 0x0000000089200000| Untracked 
|  59|0x0000000089300000, 0x0000000089300000, 0x0000000089400000|  0%| F|  |TAMS 0x0000000089300000, 0x0000000089300000| Untracked 
|  60|0x0000000089400000, 0x0000000089400000, 0x0000000089500000|  0%| F|  |TAMS 0x0000000089400000, 0x0000000089400000| Untracked 
|  61|0x0000000089500000, 0x0000000089500000, 0x0000000089600000|  0%| F|  |TAMS 0x0000000089500000, 0x0000000089500000| Untracked 
|  62|0x0000000089600000, 0x0000000089600000, 0x0000000089700000|  0%| F|  |TAMS 0x0000000089600000, 0x0000000089600000| Untracked 
|  63|0x0000000089700000, 0x0000000089700000, 0x0000000089800000|  0%| F|  |TAMS 0x0000000089700000, 0x0000000089700000| Untracked 
|  64|0x0000000089800000, 0x0000000089800000, 0x0000000089900000|  0%| F|  |TAMS 0x0000000089800000, 0x0000000089800000| Untracked 
|  65|0x0000000089900000, 0x0000000089900000, 0x0000000089a00000|  0%| F|  |TAMS 0x0000000089900000, 0x0000000089900000| Untracked 
|  66|0x0000000089a00000, 0x0000000089a00000, 0x0000000089b00000|  0%| F|  |TAMS 0x0000000089a00000, 0x0000000089a00000| Untracked 
|  67|0x0000000089b00000, 0x0000000089b00000, 0x0000000089c00000|  0%| F|  |TAMS 0x0000000089b00000, 0x0000000089b00000| Untracked 
|  68|0x0000000089c00000, 0x0000000089c00000, 0x0000000089d00000|  0%| F|  |TAMS 0x0000000089c00000, 0x0000000089c00000| Untracked 
|  69|0x0000000089d00000, 0x0000000089d00000, 0x0000000089e00000|  0%| F|  |TAMS 0x0000000089d00000, 0x0000000089d00000| Untracked 
|  70|0x0000000089e00000, 0x0000000089e00000, 0x0000000089f00000|  0%| F|  |TAMS 0x0000000089e00000, 0x0000000089e00000| Untracked 
|  71|0x0000000089f00000, 0x0000000089f00000, 0x000000008a000000|  0%| F|  |TAMS 0x0000000089f00000, 0x0000000089f00000| Untracked 
|  72|0x000000008a000000, 0x000000008a000000, 0x000000008a100000|  0%| F|  |TAMS 0x000000008a000000, 0x000000008a000000| Untracked 
|  73|0x000000008a100000, 0x000000008a100000, 0x000000008a200000|  0%| F|  |TAMS 0x000000008a100000, 0x000000008a100000| Untracked 
|  74|0x000000008a200000, 0x000000008a200000, 0x000000008a300000|  0%| F|  |TAMS 0x000000008a200000, 0x000000008a200000| Untracked 
|  75|0x000000008a300000, 0x000000008a300000, 0x000000008a400000|  0%| F|  |TAMS 0x000000008a300000, 0x000000008a300000| Untracked 
|  76|0x000000008a400000, 0x000000008a400000, 0x000000008a500000|  0%| F|  |TAMS 0x000000008a400000, 0x000000008a400000| Untracked 
|  77|0x000000008a500000, 0x000000008a500000, 0x000000008a600000|  0%| F|  |TAMS 0x000000008a500000, 0x000000008a500000| Untracked 
|  78|0x000000008a600000, 0x000000008a600000, 0x000000008a700000|  0%| F|  |TAMS 0x000000008a600000, 0x000000008a600000| Untracked 
|  79|0x000000008a700000, 0x000000008a700000, 0x000000008a800000|  0%| F|  |TAMS 0x000000008a700000, 0x000000008a700000| Untracked 
|  80|0x000000008a800000, 0x000000008a800000, 0x000000008a900000|  0%| F|  |TAMS 0x000000008a800000, 0x000000008a800000| Untracked 
|  81|0x000000008a900000, 0x000000008a900000, 0x000000008aa00000|  0%| F|  |TAMS 0x000000008a900000, 0x000000008a900000| Untracked 
|  82|0x000000008aa00000, 0x000000008aa00000, 0x000000008ab00000|  0%| F|  |TAMS 0x000000008aa00000, 0x000000008aa00000| Untracked 
|  83|0x000000008ab00000, 0x000000008ab00000, 0x000000008ac00000|  0%| F|  |TAMS 0x000000008ab00000, 0x000000008ab00000| Untracked 
|  84|0x000000008ac00000, 0x000000008ac00000, 0x000000008ad00000|  0%| F|  |TAMS 0x000000008ac00000, 0x000000008ac00000| Untracked 
|  85|0x000000008ad00000, 0x000000008ad6ff18, 0x000000008ae00000| 43%| S|CS|TAMS 0x000000008ad00000, 0x000000008ad00000| Complete 
|  86|0x000000008ae00000, 0x000000008af00000, 0x000000008af00000|100%| S|CS|TAMS 0x000000008ae00000, 0x000000008ae00000| Complete 
|  87|0x000000008af00000, 0x000000008b000000, 0x000000008b000000|100%| S|CS|TAMS 0x000000008af00000, 0x000000008af00000| Complete 
|  88|0x000000008b000000, 0x000000008b100000, 0x000000008b100000|100%| S|CS|TAMS 0x000000008b000000, 0x000000008b000000| Complete 
|  89|0x000000008b100000, 0x000000008b200000, 0x000000008b200000|100%| S|CS|TAMS 0x000000008b100000, 0x000000008b100000| Complete 
|  90|0x000000008b200000, 0x000000008b300000, 0x000000008b300000|100%| S|CS|TAMS 0x000000008b200000, 0x000000008b200000| Complete 
|  91|0x000000008b300000, 0x000000008b400000, 0x000000008b400000|100%| S|CS|TAMS 0x000000008b300000, 0x000000008b300000| Complete 
|  92|0x000000008b400000, 0x000000008b500000, 0x000000008b500000|100%| S|CS|TAMS 0x000000008b400000, 0x000000008b400000| Complete 
|  93|0x000000008b500000, 0x000000008b500000, 0x000000008b600000|  0%| F|  |TAMS 0x000000008b500000, 0x000000008b500000| Untracked 
|  94|0x000000008b600000, 0x000000008b600000, 0x000000008b700000|  0%| F|  |TAMS 0x000000008b600000, 0x000000008b600000| Untracked 
|  95|0x000000008b700000, 0x000000008b700000, 0x000000008b800000|  0%| F|  |TAMS 0x000000008b700000, 0x000000008b700000| Untracked 
|  96|0x000000008b800000, 0x000000008b800000, 0x000000008b900000|  0%| F|  |TAMS 0x000000008b800000, 0x000000008b800000| Untracked 
|  97|0x000000008b900000, 0x000000008b900000, 0x000000008ba00000|  0%| F|  |TAMS 0x000000008b900000, 0x000000008b900000| Untracked 
|  98|0x000000008ba00000, 0x000000008ba00000, 0x000000008bb00000|  0%| F|  |TAMS 0x000000008ba00000, 0x000000008ba00000| Untracked 
|  99|0x000000008bb00000, 0x000000008bb00000, 0x000000008bc00000|  0%| F|  |TAMS 0x000000008bb00000, 0x000000008bb00000| Untracked 
| 100|0x000000008bc00000, 0x000000008bc00000, 0x000000008bd00000|  0%| F|  |TAMS 0x000000008bc00000, 0x000000008bc00000| Untracked 
| 101|0x000000008bd00000, 0x000000008bd00000, 0x000000008be00000|  0%| F|  |TAMS 0x000000008bd00000, 0x000000008bd00000| Untracked 
| 102|0x000000008be00000, 0x000000008be00000, 0x000000008bf00000|  0%| F|  |TAMS 0x000000008be00000, 0x000000008be00000| Untracked 
| 103|0x000000008bf00000, 0x000000008bf00000, 0x000000008c000000|  0%| F|  |TAMS 0x000000008bf00000, 0x000000008bf00000| Untracked 
| 104|0x000000008c000000, 0x000000008c000000, 0x000000008c100000|  0%| F|  |TAMS 0x000000008c000000, 0x000000008c000000| Untracked 
| 105|0x000000008c100000, 0x000000008c100000, 0x000000008c200000|  0%| F|  |TAMS 0x000000008c100000, 0x000000008c100000| Untracked 
| 106|0x000000008c200000, 0x000000008c200000, 0x000000008c300000|  0%| F|  |TAMS 0x000000008c200000, 0x000000008c200000| Untracked 
| 107|0x000000008c300000, 0x000000008c300000, 0x000000008c400000|  0%| F|  |TAMS 0x000000008c300000, 0x000000008c300000| Untracked 
| 108|0x000000008c400000, 0x000000008c400000, 0x000000008c500000|  0%| F|  |TAMS 0x000000008c400000, 0x000000008c400000| Untracked 
| 109|0x000000008c500000, 0x000000008c500000, 0x000000008c600000|  0%| F|  |TAMS 0x000000008c500000, 0x000000008c500000| Untracked 
| 110|0x000000008c600000, 0x000000008c600000, 0x000000008c700000|  0%| F|  |TAMS 0x000000008c600000, 0x000000008c600000| Untracked 
| 111|0x000000008c700000, 0x000000008c700000, 0x000000008c800000|  0%| F|  |TAMS 0x000000008c700000, 0x000000008c700000| Untracked 
| 112|0x000000008c800000, 0x000000008c800000, 0x000000008c900000|  0%| F|  |TAMS 0x000000008c800000, 0x000000008c800000| Untracked 
| 113|0x000000008c900000, 0x000000008c900000, 0x000000008ca00000|  0%| F|  |TAMS 0x000000008c900000, 0x000000008c900000| Untracked 
| 114|0x000000008ca00000, 0x000000008ca00000, 0x000000008cb00000|  0%| F|  |TAMS 0x000000008ca00000, 0x000000008ca00000| Untracked 
| 115|0x000000008cb00000, 0x000000008cb00000, 0x000000008cc00000|  0%| F|  |TAMS 0x000000008cb00000, 0x000000008cb00000| Untracked 
| 116|0x000000008cc00000, 0x000000008cc00000, 0x000000008cd00000|  0%| F|  |TAMS 0x000000008cc00000, 0x000000008cc00000| Untracked 
| 117|0x000000008cd00000, 0x000000008cd00000, 0x000000008ce00000|  0%| F|  |TAMS 0x000000008cd00000, 0x000000008cd00000| Untracked 
| 118|0x000000008ce00000, 0x000000008ce00000, 0x000000008cf00000|  0%| F|  |TAMS 0x000000008ce00000, 0x000000008ce00000| Untracked 
| 119|0x000000008cf00000, 0x000000008cf00000, 0x000000008d000000|  0%| F|  |TAMS 0x000000008cf00000, 0x000000008cf00000| Untracked 
| 120|0x000000008d000000, 0x000000008d000000, 0x000000008d100000|  0%| F|  |TAMS 0x000000008d000000, 0x000000008d000000| Untracked 
| 121|0x000000008d100000, 0x000000008d100000, 0x000000008d200000|  0%| F|  |TAMS 0x000000008d100000, 0x000000008d100000| Untracked 
| 122|0x000000008d200000, 0x000000008d200000, 0x000000008d300000|  0%| F|  |TAMS 0x000000008d200000, 0x000000008d200000| Untracked 
| 123|0x000000008d300000, 0x000000008d300000, 0x000000008d400000|  0%| F|  |TAMS 0x000000008d300000, 0x000000008d300000| Untracked 

Card table byte_map: [0x000001cc41230000,0x000001cc41610000] _byte_map_base: 0x000001cc40e04000

Marking Bits (Prev, Next): (CMBitMap*) 0x000001cc2d4823c0, (CMBitMap*) 0x000001cc2d482388
 Prev Bits: [0x000001cc43890000, 0x000001cc45730000)
 Next Bits: [0x000001cc419f0000, 0x000001cc43890000)

Polling page: 0x000001cc2bad0000

Metaspace:

Usage:
  Non-class:     30.33 MB capacity,    29.84 MB ( 98%) used,   402.52 KB (  1%) free+waste,   100.75 KB ( <1%) overhead. 
      Class:      4.34 MB capacity,     4.03 MB ( 93%) used,   274.36 KB (  6%) free+waste,    47.69 KB (  1%) overhead. 
       Both:     34.67 MB capacity,    33.87 MB ( 98%) used,   676.88 KB (  2%) free+waste,   148.44 KB ( <1%) overhead. 

Virtual space:
  Non-class space:       32.00 MB reserved,      30.42 MB ( 95%) committed 
      Class space:        1.00 GB reserved,       4.38 MB ( <1%) committed 
             Both:        1.03 GB reserved,      34.79 MB (  3%) committed 

Chunk freelists:
   Non-Class:  44.00 KB
       Class:  4.00 KB
        Both:  48.00 KB

CodeHeap 'non-profiled nmethods': size=120064Kb used=1522Kb max_used=1522Kb free=118541Kb
 bounds [0x000001cc392f0000, 0x000001cc39560000, 0x000001cc40830000]
CodeHeap 'profiled nmethods': size=120000Kb used=7106Kb max_used=7106Kb free=112893Kb
 bounds [0x000001cc31dc0000, 0x000001cc324c0000, 0x000001cc392f0000]
CodeHeap 'non-nmethods': size=5696Kb used=1136Kb max_used=1180Kb free=4560Kb
 bounds [0x000001cc31830000, 0x000001cc31aa0000, 0x000001cc31dc0000]
 total_blobs=4454 nmethods=3128 adapters=370
 compilation: enabled
              stopped_count=0, restarted_count=0
 full_count=0

Compilation events (10 events):
Event: 4.793 Thread 0x000001cc485e4000 nmethod 3253 0x000001cc3946b010 code [0x000001cc3946b200, 0x000001cc3946c1b8]
Event: 4.793 Thread 0x000001cc485e4000 3261   !   4       java.util.concurrent.ConcurrentHashMap::putVal (432 bytes)
Event: 4.800 Thread 0x000001cc485e7800 3264       1       java.util.logging.Logger::getName (5 bytes)
Event: 4.800 Thread 0x000001cc485e7800 nmethod 3264 0x000001cc3946c690 code [0x000001cc3946c840, 0x000001cc3946c958]
Event: 4.800 Thread 0x000001cc485e7800 3265       3       java.lang.StringConcatHelper::mixCoder (8 bytes)
Event: 4.800 Thread 0x000001cc485e7800 nmethod 3265 0x000001cc324b0890 code [0x000001cc324b0a40, 0x000001cc324b0c18]
Event: 4.804 Thread 0x000001cc485e7800 3266       3       java.util.Collections::synchronizedSet (10 bytes)
Event: 4.805 Thread 0x000001cc485e7800 nmethod 3266 0x000001cc324b0d10 code [0x000001cc324b0f20, 0x000001cc324b1660]
Event: 4.805 Thread 0x000001cc485e7800 3267       3       java.util.Collections$SynchronizedSet::<init> (7 bytes)
Event: 4.805 Thread 0x000001cc485e7800 nmethod 3267 0x000001cc324b1890 code [0x000001cc324b1aa0, 0x000001cc324b2120]

GC Heap History (10 events):
Event: 1.122 GC heap after
{Heap after GC invocations=2 (full 0):
 garbage-first heap   total 126976K, used 6182K [0x0000000085800000, 0x0000000100000000)
  region size 1024K, 1 young (1024K), 1 survivors (1024K)
 Metaspace       used 12048K, capacity 12282K, committed 12544K, reserved 1060864K
  class space    used 1184K, capacity 1247K, committed 1280K, reserved 1048576K
}
Event: 1.579 GC heap before
{Heap before GC invocations=2 (full 0):
 garbage-first heap   total 126976K, used 29734K [0x0000000085800000, 0x0000000100000000)
  region size 1024K, 25 young (25600K), 1 survivors (1024K)
 Metaspace       used 17471K, capacity 17867K, committed 17920K, reserved 1064960K
  class space    used 1892K, capacity 2030K, committed 2048K, reserved 1048576K
}
Event: 1.582 GC heap after
{Heap after GC invocations=3 (full 0):
 garbage-first heap   total 126976K, used 7664K [0x0000000085800000, 0x0000000100000000)
  region size 1024K, 2 young (2048K), 2 survivors (2048K)
 Metaspace       used 17471K, capacity 17867K, committed 17920K, reserved 1064960K
  class space    used 1892K, capacity 2030K, committed 2048K, reserved 1048576K
}
Event: 1.863 GC heap before
{Heap before GC invocations=3 (full 0):
 garbage-first heap   total 126976K, used 28144K [0x0000000085800000, 0x0000000100000000)
  region size 1024K, 23 young (23552K), 2 survivors (2048K)
 Metaspace       used 20688K, capacity 21143K, committed 21248K, reserved 1069056K
  class space    used 2366K, capacity 2531K, committed 2560K, reserved 1048576K
}
Event: 1.867 GC heap after
{Heap after GC invocations=4 (full 0):
 garbage-first heap   total 126976K, used 8512K [0x0000000085800000, 0x0000000100000000)
  region size 1024K, 3 young (3072K), 3 survivors (3072K)
 Metaspace       used 20688K, capacity 21143K, committed 21248K, reserved 1069056K
  class space    used 2366K, capacity 2531K, committed 2560K, reserved 1048576K
}
Event: 2.340 GC heap before
{Heap before GC invocations=5 (full 0):
 garbage-first heap   total 126976K, used 52544K [0x0000000085800000, 0x0000000100000000)
  region size 1024K, 47 young (48128K), 3 survivors (3072K)
 Metaspace       used 26183K, capacity 26764K, committed 26880K, reserved 1073152K
  class space    used 3048K, capacity 3298K, committed 3328K, reserved 1048576K
}
Event: 2.345 GC heap after
{Heap after GC invocations=6 (full 0):
 garbage-first heap   total 126976K, used 9665K [0x0000000085800000, 0x0000000100000000)
  region size 1024K, 4 young (4096K), 4 survivors (4096K)
 Metaspace       used 26183K, capacity 26764K, committed 26880K, reserved 1073152K
  class space    used 3048K, capacity 3298K, committed 3328K, reserved 1048576K
}
Event: 3.510 GC heap before
{Heap before GC invocations=6 (full 0):
 garbage-first heap   total 126976K, used 65985K [0x0000000085800000, 0x0000000100000000)
  region size 1024K, 60 young (61440K), 4 survivors (4096K)
 Metaspace       used 29520K, capacity 30124K, committed 30336K, reserved 1075200K
  class space    used 3427K, capacity 3701K, committed 3712K, reserved 1048576K
}
Event: 3.519 GC heap after
{Heap after GC invocations=7 (full 0):
 garbage-first heap   total 126976K, used 10927K [0x0000000085800000, 0x0000000100000000)
  region size 1024K, 5 young (5120K), 5 survivors (5120K)
 Metaspace       used 29520K, capacity 30124K, committed 30336K, reserved 1075200K
  class space    used 3427K, capacity 3701K, committed 3712K, reserved 1048576K
}
Event: 4.810 GC heap before
{Heap before GC invocations=7 (full 0):
 garbage-first heap   total 126976K, used 41647K [0x0000000085800000, 0x0000000100000000)
  region size 1024K, 36 young (36864K), 5 survivors (5120K)
 Metaspace       used 34678K, capacity 35504K, committed 35628K, reserved 1081344K
  class space    used 4121K, capacity 4444K, committed 4480K, reserved 1048576K
}

Deoptimization events (10 events):
Event: 4.749 Thread 0x000001cc2d446000 Uncommon trap: trap_request=0xffffff4d fr.pc=0x000001cc393232e8 relative=0x00000000000001c8
Event: 4.749 Thread 0x000001cc2d446000 Uncommon trap: reason=unstable_if action=reinterpret pc=0x000001cc393232e8 method=java.lang.StringCoding.encodeUTF8(B[BZ)[B @ 18 c2
Event: 4.749 Thread 0x000001cc2d446000 DEOPT PACKING pc=0x000001cc393232e8 sp=0x000000b7319fc590
Event: 4.749 Thread 0x000001cc2d446000 DEOPT UNPACKING pc=0x000001cc31858f2f sp=0x000000b7319fc540 mode 2
Event: 4.774 Thread 0x000001cc2d446000 DEOPT PACKING pc=0x000001cc3248c01c sp=0x000000b7319fe030
Event: 4.774 Thread 0x000001cc2d446000 DEOPT UNPACKING pc=0x000001cc31858d4e sp=0x000000b7319fd538 mode 0
Event: 4.784 Thread 0x000001cc2d446000 DEOPT PACKING pc=0x000001cc3248c01c sp=0x000000b7319fda10
Event: 4.784 Thread 0x000001cc2d446000 DEOPT UNPACKING pc=0x000001cc31858d4e sp=0x000000b7319fcf18 mode 0
Event: 4.789 Thread 0x000001cc2d446000 DEOPT PACKING pc=0x000001cc3248c01c sp=0x000000b7319fd370
Event: 4.789 Thread 0x000001cc2d446000 DEOPT UNPACKING pc=0x000001cc31858d4e sp=0x000000b7319fc850 mode 0

Classes redefined (0 events):
No events

Internal exceptions (10 events):
Event: 4.016 Thread 0x000001cc2d446000 Exception <a 'java/lang/ClassNotFoundException'{0x000000008c1235d8}: org/springframework/context/annotation/ImportAwareCustomizer> (0x000000008c1235d8) thrown at [c:/BuildAgent/work/5ff2f6c26000d570/src/hotspot/share/classfile/systemDictionary.cpp, line 2
Event: 4.017 Thread 0x000001cc2d446000 Exception <a 'java/lang/ClassNotFoundException'{0x000000008c12e2a0}: org/springframework/beans/factory/AwareCustomizer> (0x000000008c12e2a0) thrown at [c:/BuildAgent/work/5ff2f6c26000d570/src/hotspot/share/classfile/systemDictionary.cpp, line 231]
Event: 4.099 Thread 0x000001cc2d446000 Exception <a 'java/lang/NoSuchMethodError'{0x000000008bfdf958}: 'int java.lang.invoke.DirectMethodHandle$Holder.invokeSpecial(java.lang.Object, java.lang.Object, java.lang.Object, java.lang.Object, java.lang.Object)'> (0x000000008bfdf958) thrown at [c:/Bu
Event: 4.170 Thread 0x000001cc2d446000 Implicit null exception at 0x000001cc39449f87 to 0x000001cc3944a062
Event: 4.187 Thread 0x000001cc2d446000 Exception <a 'java/lang/NoSuchMethodError'{0x000000008bc4ea50}: 'void java.lang.invoke.DirectMethodHandle$Holder.invokeInterface(java.lang.Object, java.lang.Object, int)'> (0x000000008bc4ea50) thrown at [c:/BuildAgent/work/5ff2f6c26000d570/src/hotspot/sha
Event: 4.195 Thread 0x000001cc2d446000 Exception <a 'java/lang/NoSuchMethodError'{0x000000008bc92ea8}: 'void java.lang.invoke.DirectMethodHandle$Holder.invokeStatic(java.lang.Object, int, java.lang.Object)'> (0x000000008bc92ea8) thrown at [c:/BuildAgent/work/5ff2f6c26000d570/src/hotspot/share/
Event: 4.204 Thread 0x000001cc2d446000 Exception <a 'java/lang/NoSuchMethodError'{0x000000008bcb5830}: 'int java.lang.invoke.DirectMethodHandle$Holder.invokeVirtual(java.lang.Object, java.lang.Object)'> (0x000000008bcb5830) thrown at [c:/BuildAgent/work/5ff2f6c26000d570/src/hotspot/share/inter
Event: 4.208 Thread 0x000001cc2d446000 Exception <a 'java/lang/NoSuchMethodError'{0x000000008bcbf540}: 'int java.lang.invoke.DirectMethodHandle$Holder.invokeSpecialIFC(java.lang.Object, java.lang.Object, java.lang.Object, java.lang.Object)'> (0x000000008bcbf540) thrown at [c:/BuildAgent/work/5
Event: 4.376 Thread 0x000001cc2d446000 Exception <a 'java/lang/NoSuchMethodError'{0x000000008b86bdd0}: 'java.lang.Object java.lang.invoke.DirectMethodHandle$Holder.invokeStaticInit(java.lang.Object, int, int, int, int)'> (0x000000008b86bdd0) thrown at [c:/BuildAgent/work/5ff2f6c26000d570/src/h
Event: 4.751 Thread 0x000001cc2d446000 Exception <a 'java/lang/NoSuchMethodError'{0x000000008b8a0310}: 'java.lang.Object java.lang.invoke.DirectMethodHandle$Holder.invokeStaticInit(java.lang.Object, java.lang.Object, int, int, int, int)'> (0x000000008b8a0310) thrown at [c:/BuildAgent/work/5ff2

Events (10 events):
Event: 4.808 loading class org/apache/tomcat/util/file/ConfigFileLoader done
Event: 4.808 loading class org/apache/tomcat/util/file/LocalStrings
Event: 4.808 loading class org/apache/tomcat/util/file/LocalStrings done
Event: 4.809 loading class org/apache/tomcat/util/file/LocalStrings_es
Event: 4.809 loading class org/apache/tomcat/util/file/LocalStrings_es done
Event: 4.809 loading class org/apache/tomcat/util/file/LocalStrings_es_AR
Event: 4.809 loading class org/apache/tomcat/util/file/LocalStrings_es_AR done
Event: 4.809 loading class org/apache/catalina/core/StandardService
Event: 4.809 loading class org/apache/catalina/core/StandardService done
Event: 4.810 Executing VM operation: CollectForMetadataAllocation


Dynamic libraries:
0x00007ff7eb140000 - 0x00007ff7eb187000 	C:\Program Files\JetBrains\IntelliJ IDEA Community Edition 2019.2.4\jbr\bin\java.exe
0x00007ffdd2250000 - 0x00007ffdd2431000 	C:\WINDOWS\SYSTEM32\ntdll.dll
0x00007ffdd2160000 - 0x00007ffdd2211000 	C:\WINDOWS\System32\KERNEL32.DLL
0x00007ffdcec20000 - 0x00007ffdcee93000 	C:\WINDOWS\System32\KERNELBASE.dll
0x00007ffdd12d0000 - 0x00007ffdd1461000 	C:\WINDOWS\System32\USER32.dll
0x00007ffdcef90000 - 0x00007ffdcefb0000 	C:\WINDOWS\System32\win32u.dll
0x00007ffdd16f0000 - 0x00007ffdd1718000 	C:\WINDOWS\System32\GDI32.dll
0x00007ffdce660000 - 0x00007ffdce7f1000 	C:\WINDOWS\System32\gdi32full.dll
0x00007ffdceea0000 - 0x00007ffdcef3f000 	C:\WINDOWS\System32\msvcp_win.dll
0x00007ffdce800000 - 0x00007ffdce8f8000 	C:\WINDOWS\System32\ucrtbase.dll
0x00007ffdc5870000 - 0x00007ffdc5ad9000 	C:\WINDOWS\WinSxS\amd64_microsoft.windows.common-controls_6595b64144ccf1df_6.0.17134.1130_none_d3ff42617c90becf\COMCTL32.dll
0x00007ffdcf860000 - 0x00007ffdcf8fe000 	C:\WINDOWS\System32\msvcrt.dll
0x00007ffdd0fa0000 - 0x00007ffdd12c1000 	C:\WINDOWS\System32\combase.dll
0x00007ffdd1790000 - 0x00007ffdd18b4000 	C:\WINDOWS\System32\RPCRT4.dll
0x00007ffdceaf0000 - 0x00007ffdceb69000 	C:\WINDOWS\System32\bcryptPrimitives.dll
0x00007ffdd1fb0000 - 0x00007ffdd1fdd000 	C:\WINDOWS\System32\IMM32.DLL
0x00007ffdc4730000 - 0x00007ffdc47dc000 	C:\WINDOWS\system32\tmumh\20019\AddOn\7.0.0.1160\TmUmEvt64.dll
0x00007ffdd0eb0000 - 0x00007ffdd0eb8000 	C:\WINDOWS\System32\PSAPI.DLL
0x00007ffdd2100000 - 0x00007ffdd2151000 	C:\WINDOWS\System32\SHLWAPI.dll
0x00007ffdd0ec0000 - 0x00007ffdd0f61000 	C:\WINDOWS\System32\ADVAPI32.dll
0x00007ffdd15a0000 - 0x00007ffdd15fb000 	C:\WINDOWS\System32\sechost.dll
0x0000000065fd0000 - 0x00000000660ed000 	C:\WINDOWS\system32\tmumh\20019\TmMon\2.5.0.2081\tmmon64.dll
0x00007ffdcba40000 - 0x00007ffdcba57000 	C:\Program Files\JetBrains\IntelliJ IDEA Community Edition 2019.2.4\jbr\bin\vcruntime140.dll
0x00007ffda18d0000 - 0x00007ffda196d000 	C:\Program Files\JetBrains\IntelliJ IDEA Community Edition 2019.2.4\jbr\bin\msvcp140.dll
0x00007ffd94280000 - 0x00007ffd94d38000 	C:\Program Files\JetBrains\IntelliJ IDEA Community Edition 2019.2.4\jbr\bin\server\jvm.dll
0x00007ffdc3fa0000 - 0x00007ffdc3fa9000 	C:\WINDOWS\SYSTEM32\WSOCK32.dll
0x00007ffdd1720000 - 0x00007ffdd178c000 	C:\WINDOWS\System32\WS2_32.dll
0x00007ffdc3450000 - 0x00007ffdc3473000 	C:\WINDOWS\SYSTEM32\WINMM.dll
0x00007ffdcafa0000 - 0x00007ffdcafaa000 	C:\WINDOWS\SYSTEM32\VERSION.dll
0x00007ffdc3420000 - 0x00007ffdc344a000 	C:\WINDOWS\SYSTEM32\WINMMBASE.dll
0x00007ffdcef40000 - 0x00007ffdcef89000 	C:\WINDOWS\System32\cfgmgr32.dll
0x00007ffdce560000 - 0x00007ffdce571000 	C:\WINDOWS\System32\kernel.appcore.dll
0x00007ffdc5260000 - 0x00007ffdc5271000 	C:\Program Files\JetBrains\IntelliJ IDEA Community Edition 2019.2.4\jbr\bin\verify.dll
0x00007ffdc4d60000 - 0x00007ffdc4f29000 	C:\WINDOWS\SYSTEM32\DBGHELP.DLL
0x00007ffdc0cf0000 - 0x00007ffdc0d19000 	C:\WINDOWS\SYSTEM32\dbgcore.DLL
0x00007ffdc3e70000 - 0x00007ffdc3e99000 	C:\Program Files\JetBrains\IntelliJ IDEA Community Edition 2019.2.4\jbr\bin\java.dll
0x00007ffdc1a00000 - 0x00007ffdc1a34000 	C:\Program Files\JetBrains\IntelliJ IDEA Community Edition 2019.2.4\jbr\bin\instrument.dll
0x00007ffdc5160000 - 0x00007ffdc5177000 	C:\Program Files\JetBrains\IntelliJ IDEA Community Edition 2019.2.4\jbr\bin\zip.dll
0x00007ffdcba80000 - 0x00007ffdcba8b000 	C:\Program Files\JetBrains\IntelliJ IDEA Community Edition 2019.2.4\jbr\bin\jimage.dll
0x00007ffdcfa60000 - 0x00007ffdd0ea5000 	C:\WINDOWS\System32\SHELL32.dll
0x00007ffdd1f00000 - 0x00007ffdd1fa9000 	C:\WINDOWS\System32\shcore.dll
0x00007ffdcefb0000 - 0x00007ffdcf6c0000 	C:\WINDOWS\System32\windows.storage.dll
0x00007ffdce580000 - 0x00007ffdce59f000 	C:\WINDOWS\System32\profapi.dll
0x00007ffdce5b0000 - 0x00007ffdce5fc000 	C:\WINDOWS\System32\powrprof.dll
0x00007ffdce5a0000 - 0x00007ffdce5aa000 	C:\WINDOWS\System32\FLTLIB.DLL
0x00007ffdc3e20000 - 0x00007ffdc3e3a000 	C:\Program Files\JetBrains\IntelliJ IDEA Community Edition 2019.2.4\jbr\bin\net.dll
0x00007ffdcbdf0000 - 0x00007ffdcbecd000 	C:\WINDOWS\SYSTEM32\WINHTTP.dll
0x00007ffdc47e0000 - 0x00007ffdc49aa000 	C:\WINDOWS\SYSTEM32\urlmon.dll
0x00007ffdc5450000 - 0x00007ffdc56f7000 	C:\WINDOWS\SYSTEM32\iertutil.dll
0x00007ffdcded0000 - 0x00007ffdcdedb000 	C:\WINDOWS\SYSTEM32\CRYPTBASE.DLL
0x00007ffdcdd70000 - 0x00007ffdcddd6000 	C:\WINDOWS\system32\mswsock.dll
0x00007ffdc1af0000 - 0x00007ffdc1b04000 	C:\Program Files\JetBrains\IntelliJ IDEA Community Edition 2019.2.4\jbr\bin\nio.dll
0x00007ffdbea30000 - 0x00007ffdbea4a000 	C:\Program Files\JetBrains\IntelliJ IDEA Community Edition 2019.2.4\bin\breakgen64.dll
0x00007ffdcab70000 - 0x00007ffdcab7a000 	C:\Program Files\JetBrains\IntelliJ IDEA Community Edition 2019.2.4\jbr\bin\management.dll
0x00007ffdca560000 - 0x00007ffdca56c000 	C:\Program Files\JetBrains\IntelliJ IDEA Community Edition 2019.2.4\jbr\bin\management_ext.dll
0x00007ffdb8540000 - 0x00007ffdb8556000 	C:\WINDOWS\system32\napinsp.dll
0x00007ffdb8520000 - 0x00007ffdb853a000 	C:\WINDOWS\system32\pnrpnsp.dll
0x00007ffdc9c30000 - 0x00007ffdc9c49000 	C:\WINDOWS\system32\NLAapi.dll
0x00007ffdcdb10000 - 0x00007ffdcdbce000 	C:\WINDOWS\SYSTEM32\DNSAPI.dll
0x00007ffdd1a40000 - 0x00007ffdd1a48000 	C:\WINDOWS\System32\NSI.dll
0x00007ffdcdad0000 - 0x00007ffdcdb08000 	C:\WINDOWS\SYSTEM32\IPHLPAPI.DLL
0x00007ffdb8510000 - 0x00007ffdb851e000 	C:\WINDOWS\System32\winrnr.dll
0x00007ffdb84f0000 - 0x00007ffdb8505000 	C:\WINDOWS\System32\wshbth.dll
0x0000000065410000 - 0x0000000065436000 	C:\Program Files\Bonjour\mdnsNSP.dll
0x00007ffdc8dc0000 - 0x00007ffdc8dca000 	C:\Windows\System32\rasadhlp.dll
0x00007ffdcbb70000 - 0x00007ffdcbbe2000 	C:\WINDOWS\System32\fwpuclnt.dll
0x00007ffdce0d0000 - 0x00007ffdce0f5000 	C:\WINDOWS\SYSTEM32\bcrypt.dll
0x00007ffdce2c0000 - 0x00007ffdce2d7000 	C:\WINDOWS\SYSTEM32\CRYPTSP.dll
0x00007ffdcd930000 - 0x00007ffdcd963000 	C:\WINDOWS\system32\rsaenh.dll
0x00007ffdce470000 - 0x00007ffdce498000 	C:\WINDOWS\SYSTEM32\USERENV.dll
0x00007ffdcbac0000 - 0x00007ffdcbad6000 	C:\WINDOWS\SYSTEM32\dhcpcsvc6.DLL
0x00007ffdcb9f0000 - 0x00007ffdcba0a000 	C:\WINDOWS\SYSTEM32\dhcpcsvc.DLL

dbghelp: loaded successfully - version: 4.0.5 - missing functions: none
symbol engine: initialized successfully - sym options: 0x614 - pdb path: .;C:\Program Files\JetBrains\IntelliJ IDEA Community Edition 2019.2.4\jbr\bin;C:\WINDOWS\SYSTEM32;C:\WINDOWS\WinSxS\amd64_microsoft.windows.common-controls_6595b64144ccf1df_6.0.17134.1130_none_d3ff42617c90becf;C:\WINDOWS\system32\tmumh\20019\AddOn\7.0.0.1160;C:\WINDOWS\system32\tmumh\20019\TmMon\2.5.0.2081;C:\Program Files\JetBrains\IntelliJ IDEA Community Edition 2019.2.4\jbr\bin\server;C:\Program Files\JetBrains\IntelliJ IDEA Community Edition 2019.2.4\bin;C:\Program Files\Bonjour

VM Arguments:
jvm_args: -javaagent:C:\Program Files\JetBrains\IntelliJ IDEA Community Edition 2019.2.4\lib\idea_rt.jar=54838:C:\Program Files\JetBrains\IntelliJ IDEA Community Edition 2019.2.4\bin -Dfile.encoding=UTF-8 
java_command: ar.com.uber.app.gestion.Application
java_class_path (initial): C:\proyectosJava\uber-gestion-master\target\classes;C:\Users\ibastidas\.m2\repository\org\springframework\boot\spring-boot-starter-data-jpa\2.2.1.RELEASE\spring-boot-starter-data-jpa-2.2.1.RELEASE.jar;C:\Users\ibastidas\.m2\repository\org\springframework\boot\spring-boot-starter-aop\2.2.1.RELEASE\spring-boot-starter-aop-2.2.1.RELEASE.jar;C:\Users\ibastidas\.m2\repository\org\springframework\spring-aop\5.2.1.RELEASE\spring-aop-5.2.1.RELEASE.jar;C:\Users\ibastidas\.m2\repository\org\aspectj\aspectjweaver\1.9.4\aspectjweaver-1.9.4.jar;C:\Users\ibastidas\.m2\repository\org\springframework\boot\spring-boot-starter-jdbc\2.2.1.RELEASE\spring-boot-starter-jdbc-2.2.1.RELEASE.jar;C:\Users\ibastidas\.m2\repository\com\zaxxer\HikariCP\3.4.1\HikariCP-3.4.1.jar;C:\Users\ibastidas\.m2\repository\org\springframework\spring-jdbc\5.2.1.RELEASE\spring-jdbc-5.2.1.RELEASE.jar;C:\Users\ibastidas\.m2\repository\jakarta\activation\jakarta.activation-api\1.2.1\jakarta.activation-api-1.2.1.jar;C:\Users\ibastidas\.m2\repository\jakarta\persistence\jakarta.persistence-api\2.2.3\jakarta.persistence-api-2.2.3.jar;C:\Users\ibastidas\.m2\repository\jakarta\transaction\jakarta.transaction-api\1.3.3\jakarta.transaction-api-1.3.3.jar;C:\Users\ibastidas\.m2\repository\org\hibernate\hibernate-core\5.4.8.Final\hibernate-core-5.4.8.Final.jar;C:\Users\ibastidas\.m2\repository\org\jboss\logging\jboss-logging\3.4.1.Final\jboss-logging-3.4.1.Final.jar;C:\Users\ibastidas\.m2\repository\org\javassist\javassist\3.24.0-GA\javassist-3.24.0-GA.jar;C:\Users\ibastidas\.m2\repository\net\bytebuddy\byte-buddy\1.10.2\byte-buddy-1.10.2.jar;C:\Users\ibastidas\.m2\repository\antlr\antlr\2.7.7\antlr-2.7.7.jar;C:\Users\ibastidas\.m2\repository\org\jboss\jandex\2.0.5.Final\jandex-2.0.5.Final.jar;C:\Users\ibastidas\.m2\repository\com\fasterxml\classmate\1.5.1\classmate-1.5.1.jar;C:\Users\ibastidas\.m2\repository\org\dom4j\dom4j\2.1.1\dom4j-2.1.1.jar;C:\Users\ibastidas\.m2\repository\org\hibernate\
Launcher Type: SUN_STANDARD

[Global flags]
     intx CICompilerCount                          = 3                                         {product} {ergonomic}
     uint ConcGCThreads                            = 1                                         {product} {ergonomic}
     uint G1ConcRefinementThreads                  = 4                                         {product} {ergonomic}
   size_t G1HeapRegionSize                         = 1048576                                   {product} {ergonomic}
    uintx GCDrainStackTargetSize                   = 64                                        {product} {ergonomic}
   size_t InitialHeapSize                          = 130023424                                 {product} {ergonomic}
   size_t MarkStackSize                            = 4194304                                   {product} {ergonomic}
   size_t MaxHeapSize                              = 2055208960                                {product} {ergonomic}
   size_t MaxNewSize                               = 1233125376                                {product} {ergonomic}
   size_t MinHeapDeltaBytes                        = 1048576                                   {product} {ergonomic}
    uintx NonNMethodCodeHeapSize                   = 5830092                                {pd product} {ergonomic}
    uintx NonProfiledCodeHeapSize                  = 122914074                              {pd product} {ergonomic}
    uintx ProfiledCodeHeapSize                     = 122914074                              {pd product} {ergonomic}
    uintx ReservedCodeCacheSize                    = 251658240                              {pd product} {ergonomic}
     bool SegmentedCodeCache                       = true                                      {product} {ergonomic}
     bool UseCompressedClassPointers               = true                                 {lp64_product} {ergonomic}
     bool UseCompressedOops                        = true                                 {lp64_product} {ergonomic}
     bool UseG1GC                                  = true                                      {product} {ergonomic}
     bool UseLargePagesIndividualAllocation        = false                                  {pd product} {ergonomic}

Logging:
Log output configuration:
 #0: stdout all=warning uptime,level,tags
 #1: stderr all=off uptime,level,tags

Environment Variables:
JAVA_HOME=C:\Users\ibastidas\AppData\Local\Programs\AdoptOpenJDK\
PATH=C:\ProgramData\Oracle\Java\javapath;C:\WINDOWS\system32;C:\WINDOWS;C:\WINDOWS\System32\Wbem;C:\WINDOWS\System32\WindowsPowerShell\v1.0\;C:\Program Files (x86)\IBM\Client Access\Emulator;C:\Program Files (x86)\IBM\Client Access\Shared;C:\Program Files (x86)\IBM\Client Access\;C:\WINDOWS\System32\OpenSSH\;C:\Program Files (x86)\Aranda\SharedDLL;C:\Program Files\PuTTY\;C:\Program Files\dotnet\;C:\Program Files\Git\cmd;C:\Program Files\nodejs\;C:\Users\ibastidas\AppData\Local\Programs\AdoptOpenJDK\bin;C:\Users\ibastidas\AppData\Local\Microsoft\WindowsApps;C:\Users\ibastidas\.dotnet\tools;C:\Users\ibastidas\AppData\Local\Programs\Microsoft VS Code\bin;C:\Users\ibastidas\AppData\Roaming\npm;C:\Program Files\JetBrains\IntelliJ IDEA Community Edition 2019.2.4\bin;
USERNAME=ibastidas
OS=Windows_NT
PROCESSOR_IDENTIFIER=Intel64 Family 6 Model 142 Stepping 9, GenuineIntel



---------------  S Y S T E M  ---------------

OS: Windows 10 , 64 bit Build 17134 (10.0.17134.753)

CPU:total 4 (initial active 4) (2 cores per cpu, 2 threads per core) family 6 model 142 stepping 9, cmov, cx8, fxsr, mmx, sse, sse2, sse3, ssse3, sse4.1, sse4.2, popcnt, avx, avx2, aes, clmul, erms, rtm, 3dnowpref, lzcnt, ht, tsc, tscinvbit, bmi1, bmi2, adx, fma

Memory: 4k page, system-wide physical 7838M (738M free)
TotalPageFile size 31390M (AvailPageFile size 17M)
current process WorkingSet (physical memory assigned to process): 203M, peak: 207M
current process commit charge ("private bytes"): 284M, peak: 309M

vm_info: OpenJDK 64-Bit Server VM (11.0.4+10-b520.11) for windows-amd64 JRE (11.0.4+10-b520.11), built on Nov 16 2019 04:35:14 by "" with MS VC++ 14.0 (VS2015)

END.
